  District.cpp
C:\Program Files\Microsoft Visual Studio\2022\Community\VC\Tools\MSVC\14.34.31933\include\format(43): warning STL4038: The contents of <format> are available only with C++20 or later.
  ElectionSimulator.cpp
C:\Program Files\Microsoft Visual Studio\2022\Community\VC\Tools\MSVC\14.34.31933\include\format(43): warning STL4038: The contents of <format> are available only with C++20 or later.
  Parties.cpp
C:\Program Files\Microsoft Visual Studio\2022\Community\VC\Tools\MSVC\14.34.31933\include\format(43): warning STL4038: The contents of <format> are available only with C++20 or later.
C:\Users\alper\source\repos\ElectionSimulator\Parties.cpp(7,37): warning C4305: 'argument': truncation from 'double' to 'float'
C:\Users\alper\source\repos\ElectionSimulator\Parties.cpp(8,38): warning C4305: 'argument': truncation from 'double' to 'float'
C:\Users\alper\source\repos\ElectionSimulator\Parties.cpp(13,37): warning C4305: 'argument': truncation from 'double' to 'float'
C:\Users\alper\source\repos\ElectionSimulator\Parties.cpp(14,36): warning C4305: 'argument': truncation from 'double' to 'float'
C:\Users\alper\source\repos\ElectionSimulator\Parties.cpp(19,38): warning C4305: 'argument': truncation from 'double' to 'float'
C:\Users\alper\source\repos\ElectionSimulator\Parties.cpp(20,37): warning C4305: 'argument': truncation from 'double' to 'float'
C:\Users\alper\source\repos\ElectionSimulator\Parties.cpp(31,36): warning C4305: 'argument': truncation from 'double' to 'float'
C:\Users\alper\source\repos\ElectionSimulator\Parties.cpp(32,36): warning C4305: 'argument': truncation from 'double' to 'float'
C:\Users\alper\source\repos\ElectionSimulator\Parties.cpp(38,36): warning C4305: 'argument': truncation from 'double' to 'float'
C:\Users\alper\source\repos\ElectionSimulator\Parties.cpp(39,36): warning C4305: 'argument': truncation from 'double' to 'float'
C:\Users\alper\source\repos\ElectionSimulator\Parties.cpp(44,36): warning C4305: 'argument': truncation from 'double' to 'float'
C:\Users\alper\source\repos\ElectionSimulator\Parties.cpp(45,36): warning C4305: 'argument': truncation from 'double' to 'float'
C:\Users\alper\source\repos\ElectionSimulator\Parties.cpp(51,36): warning C4305: 'argument': truncation from 'double' to 'float'
C:\Users\alper\source\repos\ElectionSimulator\Parties.cpp(52,36): warning C4305: 'argument': truncation from 'double' to 'float'
C:\Users\alper\source\repos\ElectionSimulator\Parties.cpp(58,36): warning C4305: 'argument': truncation from 'double' to 'float'
C:\Users\alper\source\repos\ElectionSimulator\Parties.cpp(59,36): warning C4305: 'argument': truncation from 'double' to 'float'
C:\Users\alper\source\repos\ElectionSimulator\Parties.cpp(63,36): warning C4305: 'argument': truncation from 'double' to 'float'
C:\Users\alper\source\repos\ElectionSimulator\Parties.cpp(64,37): warning C4305: 'argument': truncation from 'double' to 'float'
C:\Users\alper\source\repos\ElectionSimulator\Parties.cpp(68,38): warning C4305: 'argument': truncation from 'double' to 'float'
C:\Users\alper\source\repos\ElectionSimulator\Parties.cpp(69,39): warning C4305: 'argument': truncation from 'double' to 'float'
C:\Users\alper\source\repos\ElectionSimulator\Parties.cpp(100,38): warning C4305: 'argument': truncation from 'double' to 'float'
C:\Users\alper\source\repos\ElectionSimulator\Parties.cpp(101,38): warning C4305: 'argument': truncation from 'double' to 'float'
C:\Users\alper\source\repos\ElectionSimulator\Parties.cpp(107,38): warning C4305: 'argument': truncation from 'double' to 'float'
C:\Users\alper\source\repos\ElectionSimulator\Parties.cpp(108,39): warning C4305: 'argument': truncation from 'double' to 'float'
  Results.cpp
C:\Program Files\Microsoft Visual Studio\2022\Community\VC\Tools\MSVC\14.34.31933\include\format(43): warning STL4038: The contents of <format> are available only with C++20 or later.
C:\Users\alper\source\repos\ElectionSimulator\Results.cpp(5,40): warning C4305: 'argument': truncation from 'double' to 'float'
C:\Users\alper\source\repos\ElectionSimulator\Results.cpp(6,39): warning C4305: 'argument': truncation from 'double' to 'float'
C:\Users\alper\source\repos\ElectionSimulator\Results.cpp(7,40): warning C4305: 'argument': truncation from 'double' to 'float'
C:\Users\alper\source\repos\ElectionSimulator\Results.cpp(8,41): warning C4305: 'argument': truncation from 'double' to 'float'
C:\Users\alper\source\repos\ElectionSimulator\Results.cpp(9,38): warning C4305: 'argument': truncation from 'double' to 'float'
C:\Users\alper\source\repos\ElectionSimulator\Results.cpp(10,39): warning C4305: 'argument': truncation from 'double' to 'float'
C:\Users\alper\source\repos\ElectionSimulator\Results.cpp(11,40): warning C4305: 'argument': truncation from 'double' to 'float'
C:\Users\alper\source\repos\ElectionSimulator\Results.cpp(14,38): warning C4305: 'argument': truncation from 'double' to 'float'
C:\Users\alper\source\repos\ElectionSimulator\Results.cpp(15,38): warning C4305: 'argument': truncation from 'double' to 'float'
C:\Users\alper\source\repos\ElectionSimulator\Results.cpp(16,39): warning C4305: 'argument': truncation from 'double' to 'float'
C:\Users\alper\source\repos\ElectionSimulator\Results.cpp(18,38): warning C4305: 'argument': truncation from 'double' to 'float'
C:\Users\alper\source\repos\ElectionSimulator\Results.cpp(19,43): warning C4305: 'argument': truncation from 'double' to 'float'
C:\Users\alper\source\repos\ElectionSimulator\Results.cpp(20,40): warning C4305: 'argument': truncation from 'double' to 'float'
C:\Users\alper\source\repos\ElectionSimulator\Results.cpp(21,39): warning C4305: 'argument': truncation from 'double' to 'float'
C:\Users\alper\source\repos\ElectionSimulator\Results.cpp(23,40): warning C4305: 'argument': truncation from 'double' to 'float'
C:\Users\alper\source\repos\ElectionSimulator\Results.cpp(24,40): warning C4305: 'argument': truncation from 'double' to 'float'
C:\Users\alper\source\repos\ElectionSimulator\Results.cpp(25,40): warning C4305: 'argument': truncation from 'double' to 'float'
C:\Users\alper\source\repos\ElectionSimulator\Results.cpp(27,38): warning C4305: 'argument': truncation from 'double' to 'float'
C:\Users\alper\source\repos\ElectionSimulator\Results.cpp(28,40): warning C4305: 'argument': truncation from 'double' to 'float'
C:\Users\alper\source\repos\ElectionSimulator\Results.cpp(29,44): warning C4305: 'argument': truncation from 'double' to 'float'
C:\Users\alper\source\repos\ElectionSimulator\Results.cpp(37,35): warning C4305: 'argument': truncation from 'double' to 'float'
C:\Users\alper\source\repos\ElectionSimulator\Results.cpp(38,35): warning C4305: 'argument': truncation from 'double' to 'float'
C:\Users\alper\source\repos\ElectionSimulator\Results.cpp(39,35): warning C4305: 'argument': truncation from 'double' to 'float'
C:\Users\alper\source\repos\ElectionSimulator\Results.cpp(40,36): warning C4305: 'argument': truncation from 'double' to 'float'
C:\Users\alper\source\repos\ElectionSimulator\Results.cpp(41,33): warning C4305: 'argument': truncation from 'double' to 'float'
C:\Users\alper\source\repos\ElectionSimulator\Results.cpp(42,35): warning C4305: 'argument': truncation from 'double' to 'float'
C:\Users\alper\source\repos\ElectionSimulator\Results.cpp(43,38): warning C4305: 'argument': truncation from 'double' to 'float'
C:\Users\alper\source\repos\ElectionSimulator\Results.cpp(48,34): warning C4305: 'argument': truncation from 'double' to 'float'
C:\Users\alper\source\repos\ElectionSimulator\Results.cpp(49,34): warning C4305: 'argument': truncation from 'double' to 'float'
C:\Users\alper\source\repos\ElectionSimulator\Results.cpp(50,35): warning C4305: 'argument': truncation from 'double' to 'float'
C:\Users\alper\source\repos\ElectionSimulator\Results.cpp(51,35): warning C4305: 'argument': truncation from 'double' to 'float'
C:\Users\alper\source\repos\ElectionSimulator\Results.cpp(52,33): warning C4305: 'argument': truncation from 'double' to 'float'
C:\Users\alper\source\repos\ElectionSimulator\Results.cpp(53,35): warning C4305: 'argument': truncation from 'double' to 'float'
C:\Users\alper\source\repos\ElectionSimulator\Results.cpp(54,38): warning C4305: 'argument': truncation from 'double' to 'float'
C:\Users\alper\source\repos\ElectionSimulator\Results.cpp(59,35): warning C4305: 'argument': truncation from 'double' to 'float'
C:\Users\alper\source\repos\ElectionSimulator\Results.cpp(60,35): warning C4305: 'argument': truncation from 'double' to 'float'
C:\Users\alper\source\repos\ElectionSimulator\Results.cpp(61,35): warning C4305: 'argument': truncation from 'double' to 'float'
C:\Users\alper\source\repos\ElectionSimulator\Results.cpp(62,36): warning C4305: 'argument': truncation from 'double' to 'float'
C:\Users\alper\source\repos\ElectionSimulator\Results.cpp(63,33): warning C4305: 'argument': truncation from 'double' to 'float'
C:\Users\alper\source\repos\ElectionSimulator\Results.cpp(65,38): warning C4305: 'argument': truncation from 'double' to 'float'
C:\Users\alper\source\repos\ElectionSimulator\Results.cpp(70,35): warning C4305: 'argument': truncation from 'double' to 'float'
C:\Users\alper\source\repos\ElectionSimulator\Results.cpp(71,34): warning C4305: 'argument': truncation from 'double' to 'float'
C:\Users\alper\source\repos\ElectionSimulator\Results.cpp(72,34): warning C4305: 'argument': truncation from 'double' to 'float'
C:\Users\alper\source\repos\ElectionSimulator\Results.cpp(73,35): warning C4305: 'argument': truncation from 'double' to 'float'
C:\Users\alper\source\repos\ElectionSimulator\Results.cpp(74,33): warning C4305: 'argument': truncation from 'double' to 'float'
C:\Users\alper\source\repos\ElectionSimulator\Results.cpp(75,35): warning C4305: 'argument': truncation from 'double' to 'float'
C:\Users\alper\source\repos\ElectionSimulator\Results.cpp(81,35): warning C4305: 'argument': truncation from 'double' to 'float'
C:\Users\alper\source\repos\ElectionSimulator\Results.cpp(82,35): warning C4305: 'argument': truncation from 'double' to 'float'
C:\Users\alper\source\repos\ElectionSimulator\Results.cpp(83,33): warning C4305: 'argument': truncation from 'double' to 'float'
C:\Users\alper\source\repos\ElectionSimulator\Results.cpp(84,36): warning C4305: 'argument': truncation from 'double' to 'float'
C:\Users\alper\source\repos\ElectionSimulator\Results.cpp(85,33): warning C4305: 'argument': truncation from 'double' to 'float'
C:\Users\alper\source\repos\ElectionSimulator\Results.cpp(86,34): warning C4305: 'argument': truncation from 'double' to 'float'
C:\Users\alper\source\repos\ElectionSimulator\Results.cpp(87,38): warning C4305: 'argument': truncation from 'double' to 'float'
C:\Users\alper\source\repos\ElectionSimulator\Results.cpp(92,35): warning C4305: 'argument': truncation from 'double' to 'float'
C:\Users\alper\source\repos\ElectionSimulator\Results.cpp(93,35): warning C4305: 'argument': truncation from 'double' to 'float'
C:\Users\alper\source\repos\ElectionSimulator\Results.cpp(95,36): warning C4305: 'argument': truncation from 'double' to 'float'
C:\Users\alper\source\repos\ElectionSimulator\Results.cpp(96,33): warning C4305: 'argument': truncation from 'double' to 'float'
C:\Users\alper\source\repos\ElectionSimulator\Results.cpp(97,34): warning C4305: 'argument': truncation from 'double' to 'float'
C:\Users\alper\source\repos\ElectionSimulator\Results.cpp(98,38): warning C4305: 'argument': truncation from 'double' to 'float'
C:\Users\alper\source\repos\ElectionSimulator\Results.cpp(103,35): warning C4305: 'argument': truncation from 'double' to 'float'
C:\Users\alper\source\repos\ElectionSimulator\Results.cpp(104,35): warning C4305: 'argument': truncation from 'double' to 'float'
C:\Users\alper\source\repos\ElectionSimulator\Results.cpp(105,35): warning C4305: 'argument': truncation from 'double' to 'float'
C:\Users\alper\source\repos\ElectionSimulator\Results.cpp(106,36): warning C4305: 'argument': truncation from 'double' to 'float'
C:\Users\alper\source\repos\ElectionSimulator\Results.cpp(107,33): warning C4305: 'argument': truncation from 'double' to 'float'
C:\Users\alper\source\repos\ElectionSimulator\Results.cpp(108,34): warning C4305: 'argument': truncation from 'double' to 'float'
C:\Users\alper\source\repos\ElectionSimulator\Results.cpp(109,38): warning C4305: 'argument': truncation from 'double' to 'float'
C:\Users\alper\source\repos\ElectionSimulator\Results.cpp(114,35): warning C4305: 'argument': truncation from 'double' to 'float'
C:\Users\alper\source\repos\ElectionSimulator\Results.cpp(115,35): warning C4305: 'argument': truncation from 'double' to 'float'
C:\Users\alper\source\repos\ElectionSimulator\Results.cpp(116,35): warning C4305: 'argument': truncation from 'double' to 'float'
C:\Users\alper\source\repos\ElectionSimulator\Results.cpp(117,36): warning C4305: 'argument': truncation from 'double' to 'float'
C:\Users\alper\source\repos\ElectionSimulator\Results.cpp(118,33): warning C4305: 'argument': truncation from 'double' to 'float'
C:\Users\alper\source\repos\ElectionSimulator\Results.cpp(119,34): warning C4305: 'argument': truncation from 'double' to 'float'
C:\Users\alper\source\repos\ElectionSimulator\Results.cpp(120,38): warning C4305: 'argument': truncation from 'double' to 'float'
C:\Users\alper\source\repos\ElectionSimulator\Results.cpp(125,35): warning C4305: 'argument': truncation from 'double' to 'float'
C:\Users\alper\source\repos\ElectionSimulator\Results.cpp(126,35): warning C4305: 'argument': truncation from 'double' to 'float'
C:\Users\alper\source\repos\ElectionSimulator\Results.cpp(127,35): warning C4305: 'argument': truncation from 'double' to 'float'
C:\Users\alper\source\repos\ElectionSimulator\Results.cpp(128,36): warning C4305: 'argument': truncation from 'double' to 'float'
C:\Users\alper\source\repos\ElectionSimulator\Results.cpp(129,33): warning C4305: 'argument': truncation from 'double' to 'float'
C:\Users\alper\source\repos\ElectionSimulator\Results.cpp(130,33): warning C4305: 'argument': truncation from 'double' to 'float'
C:\Users\alper\source\repos\ElectionSimulator\Results.cpp(131,38): warning C4305: 'argument': truncation from 'double' to 'float'
C:\Users\alper\source\repos\ElectionSimulator\Results.cpp(136,35): warning C4305: 'argument': truncation from 'double' to 'float'
C:\Users\alper\source\repos\ElectionSimulator\Results.cpp(137,35): warning C4305: 'argument': truncation from 'double' to 'float'
C:\Users\alper\source\repos\ElectionSimulator\Results.cpp(138,35): warning C4305: 'argument': truncation from 'double' to 'float'
C:\Users\alper\source\repos\ElectionSimulator\Results.cpp(139,35): warning C4305: 'argument': truncation from 'double' to 'float'
C:\Users\alper\source\repos\ElectionSimulator\Results.cpp(140,33): warning C4305: 'argument': truncation from 'double' to 'float'
C:\Users\alper\source\repos\ElectionSimulator\Results.cpp(141,34): warning C4305: 'argument': truncation from 'double' to 'float'
C:\Users\alper\source\repos\ElectionSimulator\Results.cpp(142,38): warning C4305: 'argument': truncation from 'double' to 'float'
C:\Users\alper\source\repos\ElectionSimulator\Results.cpp(147,36): warning C4305: 'argument': truncation from 'double' to 'float'
C:\Users\alper\source\repos\ElectionSimulator\Results.cpp(148,35): warning C4305: 'argument': truncation from 'double' to 'float'
C:\Users\alper\source\repos\ElectionSimulator\Results.cpp(149,36): warning C4305: 'argument': truncation from 'double' to 'float'
C:\Users\alper\source\repos\ElectionSimulator\Results.cpp(150,36): warning C4305: 'argument': truncation from 'double' to 'float'
C:\Users\alper\source\repos\ElectionSimulator\Results.cpp(152,36): warning C4305: 'argument': truncation from 'double' to 'float'
C:\Users\alper\source\repos\ElectionSimulator\Results.cpp(153,39): warning C4305: 'argument': truncation from 'double' to 'float'
C:\Users\alper\source\repos\ElectionSimulator\Results.cpp(158,36): warning C4305: 'argument': truncation from 'double' to 'float'
C:\Users\alper\source\repos\ElectionSimulator\Results.cpp(159,35): warning C4305: 'argument': truncation from 'double' to 'float'
C:\Users\alper\source\repos\ElectionSimulator\Results.cpp(160,36): warning C4305: 'argument': truncation from 'double' to 'float'
C:\Users\alper\source\repos\ElectionSimulator\Results.cpp(161,37): warning C4305: 'argument': truncation from 'double' to 'float'
C:\Users\alper\source\repos\ElectionSimulator\Results.cpp(162,34): warning C4305: 'argument': truncation from 'double' to 'float'
C:\Users\alper\source\repos\ElectionSimulator\Results.cpp(163,35): warning C4305: 'argument': truncation from 'double' to 'float'
C:\Users\alper\source\repos\ElectionSimulator\Results.cpp(164,39): warning C4305: 'argument': truncation from 'double' to 'float'
C:\Users\alper\source\repos\ElectionSimulator\Results.cpp(169,36): warning C4305: 'argument': truncation from 'double' to 'float'
C:\Users\alper\source\repos\ElectionSimulator\Results.cpp(170,35): warning C4305: 'argument': truncation from 'double' to 'float'
C:\Users\alper\source\repos\ElectionSimulator\Results.cpp(171,36): warning C4305: 'argument': truncation from 'double' to 'float'
C:\Users\alper\source\repos\ElectionSimulator\Results.cpp(172,37): warning C4305: 'argument': truncation from 'double' to 'float'
C:\Users\alper\source\repos\ElectionSimulator\Results.cpp(173,34): warning C4305: 'argument': truncation from 'double' to 'float'
C:\Users\alper\source\repos\ElectionSimulator\Results.cpp(174,35): warning C4305: 'argument': truncation from 'double' to 'float'
C:\Users\alper\source\repos\ElectionSimulator\Results.cpp(180,35): warning C4305: 'argument': truncation from 'double' to 'float'
C:\Users\alper\source\repos\ElectionSimulator\Results.cpp(181,35): warning C4305: 'argument': truncation from 'double' to 'float'
C:\Users\alper\source\repos\ElectionSimulator\Results.cpp(182,36): warning C4305: 'argument': truncation from 'double' to 'float'
C:\Users\alper\source\repos\ElectionSimulator\Results.cpp(183,37): warning C4305: 'argument': truncation from 'double' to 'float'
C:\Users\alper\source\repos\ElectionSimulator\Results.cpp(184,34): warning C4305: 'argument': truncation from 'double' to 'float'
C:\Users\alper\source\repos\ElectionSimulator\Results.cpp(186,39): warning C4305: 'argument': truncation from 'double' to 'float'
C:\Users\alper\source\repos\ElectionSimulator\Results.cpp(191,36): warning C4305: 'argument': truncation from 'double' to 'float'
C:\Users\alper\source\repos\ElectionSimulator\Results.cpp(192,36): warning C4305: 'argument': truncation from 'double' to 'float'
C:\Users\alper\source\repos\ElectionSimulator\Results.cpp(193,36): warning C4305: 'argument': truncation from 'double' to 'float'
C:\Users\alper\source\repos\ElectionSimulator\Results.cpp(194,36): warning C4305: 'argument': truncation from 'double' to 'float'
C:\Users\alper\source\repos\ElectionSimulator\Results.cpp(195,34): warning C4305: 'argument': truncation from 'double' to 'float'
C:\Users\alper\source\repos\ElectionSimulator\Results.cpp(196,35): warning C4305: 'argument': truncation from 'double' to 'float'
C:\Users\alper\source\repos\ElectionSimulator\Results.cpp(197,39): warning C4305: 'argument': truncation from 'double' to 'float'
C:\Users\alper\source\repos\ElectionSimulator\Results.cpp(202,36): warning C4305: 'argument': truncation from 'double' to 'float'
C:\Users\alper\source\repos\ElectionSimulator\Results.cpp(203,35): warning C4305: 'argument': truncation from 'double' to 'float'
C:\Users\alper\source\repos\ElectionSimulator\Results.cpp(204,35): warning C4305: 'argument': truncation from 'double' to 'float'
C:\Users\alper\source\repos\ElectionSimulator\Results.cpp(205,35): warning C4305: 'argument': truncation from 'double' to 'float'
C:\Users\alper\source\repos\ElectionSimulator\Results.cpp(206,34): warning C4305: 'argument': truncation from 'double' to 'float'
C:\Users\alper\source\repos\ElectionSimulator\Results.cpp(207,36): warning C4305: 'argument': truncation from 'double' to 'float'
C:\Users\alper\source\repos\ElectionSimulator\Results.cpp(208,39): warning C4305: 'argument': truncation from 'double' to 'float'
C:\Users\alper\source\repos\ElectionSimulator\Results.cpp(213,36): warning C4305: 'argument': truncation from 'double' to 'float'
C:\Users\alper\source\repos\ElectionSimulator\Results.cpp(214,36): warning C4305: 'argument': truncation from 'double' to 'float'
C:\Users\alper\source\repos\ElectionSimulator\Results.cpp(215,35): warning C4305: 'argument': truncation from 'double' to 'float'
C:\Users\alper\source\repos\ElectionSimulator\Results.cpp(216,36): warning C4305: 'argument': truncation from 'double' to 'float'
C:\Users\alper\source\repos\ElectionSimulator\Results.cpp(217,34): warning C4305: 'argument': truncation from 'double' to 'float'
C:\Users\alper\source\repos\ElectionSimulator\Results.cpp(218,35): warning C4305: 'argument': truncation from 'double' to 'float'
C:\Users\alper\source\repos\ElectionSimulator\Results.cpp(219,39): warning C4305: 'argument': truncation from 'double' to 'float'
C:\Users\alper\source\repos\ElectionSimulator\Results.cpp(224,35): warning C4305: 'argument': truncation from 'double' to 'float'
C:\Users\alper\source\repos\ElectionSimulator\Results.cpp(225,35): warning C4305: 'argument': truncation from 'double' to 'float'
C:\Users\alper\source\repos\ElectionSimulator\Results.cpp(226,36): warning C4305: 'argument': truncation from 'double' to 'float'
C:\Users\alper\source\repos\ElectionSimulator\Results.cpp(227,37): warning C4305: 'argument': truncation from 'double' to 'float'
C:\Users\alper\source\repos\ElectionSimulator\Results.cpp(228,34): warning C4305: 'argument': truncation from 'double' to 'float'
C:\Users\alper\source\repos\ElectionSimulator\Results.cpp(229,35): warning C4305: 'argument': truncation from 'double' to 'float'
C:\Users\alper\source\repos\ElectionSimulator\Results.cpp(230,39): warning C4305: 'argument': truncation from 'double' to 'float'
C:\Users\alper\source\repos\ElectionSimulator\Results.cpp(235,36): warning C4305: 'argument': truncation from 'double' to 'float'
C:\Users\alper\source\repos\ElectionSimulator\Results.cpp(236,35): warning C4305: 'argument': truncation from 'double' to 'float'
C:\Users\alper\source\repos\ElectionSimulator\Results.cpp(237,35): warning C4305: 'argument': truncation from 'double' to 'float'
C:\Users\alper\source\repos\ElectionSimulator\Results.cpp(238,36): warning C4305: 'argument': truncation from 'double' to 'float'
C:\Users\alper\source\repos\ElectionSimulator\Results.cpp(239,34): warning C4305: 'argument': truncation from 'double' to 'float'
C:\Users\alper\source\repos\ElectionSimulator\Results.cpp(240,36): warning C4305: 'argument': truncation from 'double' to 'float'
C:\Users\alper\source\repos\ElectionSimulator\Results.cpp(241,39): warning C4305: 'argument': truncation from 'double' to 'float'
C:\Users\alper\source\repos\ElectionSimulator\Results.cpp(246,36): warning C4305: 'argument': truncation from 'double' to 'float'
C:\Users\alper\source\repos\ElectionSimulator\Results.cpp(247,35): warning C4305: 'argument': truncation from 'double' to 'float'
C:\Users\alper\source\repos\ElectionSimulator\Results.cpp(248,35): warning C4305: 'argument': truncation from 'double' to 'float'
C:\Users\alper\source\repos\ElectionSimulator\Results.cpp(249,36): warning C4305: 'argument': truncation from 'double' to 'float'
C:\Users\alper\source\repos\ElectionSimulator\Results.cpp(250,34): warning C4305: 'argument': truncation from 'double' to 'float'
C:\Users\alper\source\repos\ElectionSimulator\Results.cpp(251,36): warning C4305: 'argument': truncation from 'double' to 'float'
C:\Users\alper\source\repos\ElectionSimulator\Results.cpp(252,38): warning C4305: 'argument': truncation from 'double' to 'float'
C:\Users\alper\source\repos\ElectionSimulator\Results.cpp(257,36): warning C4305: 'argument': truncation from 'double' to 'float'
C:\Users\alper\source\repos\ElectionSimulator\Results.cpp(258,36): warning C4305: 'argument': truncation from 'double' to 'float'
C:\Users\alper\source\repos\ElectionSimulator\Results.cpp(259,36): warning C4305: 'argument': truncation from 'double' to 'float'
C:\Users\alper\source\repos\ElectionSimulator\Results.cpp(260,36): warning C4305: 'argument': truncation from 'double' to 'float'
C:\Users\alper\source\repos\ElectionSimulator\Results.cpp(261,34): warning C4305: 'argument': truncation from 'double' to 'float'
C:\Users\alper\source\repos\ElectionSimulator\Results.cpp(262,35): warning C4305: 'argument': truncation from 'double' to 'float'
C:\Users\alper\source\repos\ElectionSimulator\Results.cpp(263,39): warning C4305: 'argument': truncation from 'double' to 'float'
C:\Users\alper\source\repos\ElectionSimulator\Results.cpp(268,36): warning C4305: 'argument': truncation from 'double' to 'float'
C:\Users\alper\source\repos\ElectionSimulator\Results.cpp(270,36): warning C4305: 'argument': truncation from 'double' to 'float'
C:\Users\alper\source\repos\ElectionSimulator\Results.cpp(271,37): warning C4305: 'argument': truncation from 'double' to 'float'
C:\Users\alper\source\repos\ElectionSimulator\Results.cpp(272,34): warning C4305: 'argument': truncation from 'double' to 'float'
C:\Users\alper\source\repos\ElectionSimulator\Results.cpp(273,35): warning C4305: 'argument': truncation from 'double' to 'float'
C:\Users\alper\source\repos\ElectionSimulator\Results.cpp(274,39): warning C4305: 'argument': truncation from 'double' to 'float'
C:\Users\alper\source\repos\ElectionSimulator\Results.cpp(279,36): warning C4305: 'argument': truncation from 'double' to 'float'
C:\Users\alper\source\repos\ElectionSimulator\Results.cpp(280,35): warning C4305: 'argument': truncation from 'double' to 'float'
C:\Users\alper\source\repos\ElectionSimulator\Results.cpp(282,37): warning C4305: 'argument': truncation from 'double' to 'float'
C:\Users\alper\source\repos\ElectionSimulator\Results.cpp(283,34): warning C4305: 'argument': truncation from 'double' to 'float'
C:\Users\alper\source\repos\ElectionSimulator\Results.cpp(284,35): warning C4305: 'argument': truncation from 'double' to 'float'
C:\Users\alper\source\repos\ElectionSimulator\Results.cpp(285,39): warning C4305: 'argument': truncation from 'double' to 'float'
C:\Users\alper\source\repos\ElectionSimulator\Results.cpp(290,36): warning C4305: 'argument': truncation from 'double' to 'float'
C:\Users\alper\source\repos\ElectionSimulator\Results.cpp(291,36): warning C4305: 'argument': truncation from 'double' to 'float'
C:\Users\alper\source\repos\ElectionSimulator\Results.cpp(293,37): warning C4305: 'argument': truncation from 'double' to 'float'
C:\Users\alper\source\repos\ElectionSimulator\Results.cpp(294,34): warning C4305: 'argument': truncation from 'double' to 'float'
C:\Users\alper\source\repos\ElectionSimulator\Results.cpp(295,35): warning C4305: 'argument': truncation from 'double' to 'float'
C:\Users\alper\source\repos\ElectionSimulator\Results.cpp(296,39): warning C4305: 'argument': truncation from 'double' to 'float'
C:\Users\alper\source\repos\ElectionSimulator\Results.cpp(301,36): warning C4305: 'argument': truncation from 'double' to 'float'
C:\Users\alper\source\repos\ElectionSimulator\Results.cpp(302,35): warning C4305: 'argument': truncation from 'double' to 'float'
C:\Users\alper\source\repos\ElectionSimulator\Results.cpp(303,36): warning C4305: 'argument': truncation from 'double' to 'float'
C:\Users\alper\source\repos\ElectionSimulator\Results.cpp(304,37): warning C4305: 'argument': truncation from 'double' to 'float'
C:\Users\alper\source\repos\ElectionSimulator\Results.cpp(305,34): warning C4305: 'argument': truncation from 'double' to 'float'
C:\Users\alper\source\repos\ElectionSimulator\Results.cpp(307,39): warning C4305: 'argument': truncation from 'double' to 'float'
C:\Users\alper\source\repos\ElectionSimulator\Results.cpp(312,36): warning C4305: 'argument': truncation from 'double' to 'float'
C:\Users\alper\source\repos\ElectionSimulator\Results.cpp(313,36): warning C4305: 'argument': truncation from 'double' to 'float'
C:\Users\alper\source\repos\ElectionSimulator\Results.cpp(314,34): warning C4305: 'argument': truncation from 'double' to 'float'
C:\Users\alper\source\repos\ElectionSimulator\Results.cpp(315,37): warning C4305: 'argument': truncation from 'double' to 'float'
C:\Users\alper\source\repos\ElectionSimulator\Results.cpp(316,33): warning C4305: 'argument': truncation from 'double' to 'float'
C:\Users\alper\source\repos\ElectionSimulator\Results.cpp(317,35): warning C4305: 'argument': truncation from 'double' to 'float'
C:\Users\alper\source\repos\ElectionSimulator\Results.cpp(318,39): warning C4305: 'argument': truncation from 'double' to 'float'
C:\Users\alper\source\repos\ElectionSimulator\Results.cpp(323,36): warning C4305: 'argument': truncation from 'double' to 'float'
C:\Users\alper\source\repos\ElectionSimulator\Results.cpp(324,36): warning C4305: 'argument': truncation from 'double' to 'float'
C:\Users\alper\source\repos\ElectionSimulator\Results.cpp(325,36): warning C4305: 'argument': truncation from 'double' to 'float'
C:\Users\alper\source\repos\ElectionSimulator\Results.cpp(326,36): warning C4305: 'argument': truncation from 'double' to 'float'
C:\Users\alper\source\repos\ElectionSimulator\Results.cpp(327,34): warning C4305: 'argument': truncation from 'double' to 'float'
C:\Users\alper\source\repos\ElectionSimulator\Results.cpp(328,35): warning C4305: 'argument': truncation from 'double' to 'float'
C:\Users\alper\source\repos\ElectionSimulator\Results.cpp(329,39): warning C4305: 'argument': truncation from 'double' to 'float'
C:\Users\alper\source\repos\ElectionSimulator\Results.cpp(334,36): warning C4305: 'argument': truncation from 'double' to 'float'
C:\Users\alper\source\repos\ElectionSimulator\Results.cpp(335,35): warning C4305: 'argument': truncation from 'double' to 'float'
C:\Users\alper\source\repos\ElectionSimulator\Results.cpp(336,36): warning C4305: 'argument': truncation from 'double' to 'float'
C:\Users\alper\source\repos\ElectionSimulator\Results.cpp(337,37): warning C4305: 'argument': truncation from 'double' to 'float'
C:\Users\alper\source\repos\ElectionSimulator\Results.cpp(338,34): warning C4305: 'argument': truncation from 'double' to 'float'
C:\Users\alper\source\repos\ElectionSimulator\Results.cpp(339,35): warning C4305: 'argument': truncation from 'double' to 'float'
C:\Users\alper\source\repos\ElectionSimulator\Results.cpp(345,36): warning C4305: 'argument': truncation from 'double' to 'float'
C:\Users\alper\source\repos\ElectionSimulator\Results.cpp(346,35): warning C4305: 'argument': truncation from 'double' to 'float'
C:\Users\alper\source\repos\ElectionSimulator\Results.cpp(348,36): warning C4305: 'argument': truncation from 'double' to 'float'
C:\Users\alper\source\repos\ElectionSimulator\Results.cpp(349,34): warning C4305: 'argument': truncation from 'double' to 'float'
C:\Users\alper\source\repos\ElectionSimulator\Results.cpp(350,36): warning C4305: 'argument': truncation from 'double' to 'float'
C:\Users\alper\source\repos\ElectionSimulator\Results.cpp(351,39): warning C4305: 'argument': truncation from 'double' to 'float'
C:\Users\alper\source\repos\ElectionSimulator\Results.cpp(356,35): warning C4305: 'argument': truncation from 'double' to 'float'
C:\Users\alper\source\repos\ElectionSimulator\Results.cpp(357,36): warning C4305: 'argument': truncation from 'double' to 'float'
C:\Users\alper\source\repos\ElectionSimulator\Results.cpp(358,36): warning C4305: 'argument': truncation from 'double' to 'float'
C:\Users\alper\source\repos\ElectionSimulator\Results.cpp(359,36): warning C4305: 'argument': truncation from 'double' to 'float'
C:\Users\alper\source\repos\ElectionSimulator\Results.cpp(360,34): warning C4305: 'argument': truncation from 'double' to 'float'
C:\Users\alper\source\repos\ElectionSimulator\Results.cpp(361,35): warning C4305: 'argument': truncation from 'double' to 'float'
C:\Users\alper\source\repos\ElectionSimulator\Results.cpp(362,39): warning C4305: 'argument': truncation from 'double' to 'float'
C:\Users\alper\source\repos\ElectionSimulator\Results.cpp(367,36): warning C4305: 'argument': truncation from 'double' to 'float'
C:\Users\alper\source\repos\ElectionSimulator\Results.cpp(368,35): warning C4305: 'argument': truncation from 'double' to 'float'
C:\Users\alper\source\repos\ElectionSimulator\Results.cpp(369,35): warning C4305: 'argument': truncation from 'double' to 'float'
C:\Users\alper\source\repos\ElectionSimulator\Results.cpp(370,37): warning C4305: 'argument': truncation from 'double' to 'float'
C:\Users\alper\source\repos\ElectionSimulator\Results.cpp(371,34): warning C4305: 'argument': truncation from 'double' to 'float'
C:\Users\alper\source\repos\ElectionSimulator\Results.cpp(372,35): warning C4305: 'argument': truncation from 'double' to 'float'
C:\Users\alper\source\repos\ElectionSimulator\Results.cpp(373,39): warning C4305: 'argument': truncation from 'double' to 'float'
C:\Users\alper\source\repos\ElectionSimulator\Results.cpp(378,36): warning C4305: 'argument': truncation from 'double' to 'float'
C:\Users\alper\source\repos\ElectionSimulator\Results.cpp(379,36): warning C4305: 'argument': truncation from 'double' to 'float'
C:\Users\alper\source\repos\ElectionSimulator\Results.cpp(380,36): warning C4305: 'argument': truncation from 'double' to 'float'
C:\Users\alper\source\repos\ElectionSimulator\Results.cpp(381,36): warning C4305: 'argument': truncation from 'double' to 'float'
C:\Users\alper\source\repos\ElectionSimulator\Results.cpp(382,34): warning C4305: 'argument': truncation from 'double' to 'float'
C:\Users\alper\source\repos\ElectionSimulator\Results.cpp(383,36): warning C4305: 'argument': truncation from 'double' to 'float'
C:\Users\alper\source\repos\ElectionSimulator\Results.cpp(384,39): warning C4305: 'argument': truncation from 'double' to 'float'
C:\Users\alper\source\repos\ElectionSimulator\Results.cpp(389,36): warning C4305: 'argument': truncation from 'double' to 'float'
C:\Users\alper\source\repos\ElectionSimulator\Results.cpp(390,36): warning C4305: 'argument': truncation from 'double' to 'float'
C:\Users\alper\source\repos\ElectionSimulator\Results.cpp(392,36): warning C4305: 'argument': truncation from 'double' to 'float'
C:\Users\alper\source\repos\ElectionSimulator\Results.cpp(393,33): warning C4305: 'argument': truncation from 'double' to 'float'
C:\Users\alper\source\repos\ElectionSimulator\Results.cpp(394,35): warning C4305: 'argument': truncation from 'double' to 'float'
C:\Users\alper\source\repos\ElectionSimulator\Results.cpp(395,38): warning C4305: 'argument': truncation from 'double' to 'float'
C:\Users\alper\source\repos\ElectionSimulator\Results.cpp(400,36): warning C4305: 'argument': truncation from 'double' to 'float'
C:\Users\alper\source\repos\ElectionSimulator\Results.cpp(401,36): warning C4305: 'argument': truncation from 'double' to 'float'
C:\Users\alper\source\repos\ElectionSimulator\Results.cpp(402,35): warning C4305: 'argument': truncation from 'double' to 'float'
C:\Users\alper\source\repos\ElectionSimulator\Results.cpp(403,36): warning C4305: 'argument': truncation from 'double' to 'float'
C:\Users\alper\source\repos\ElectionSimulator\Results.cpp(404,34): warning C4305: 'argument': truncation from 'double' to 'float'
C:\Users\alper\source\repos\ElectionSimulator\Results.cpp(405,36): warning C4305: 'argument': truncation from 'double' to 'float'
C:\Users\alper\source\repos\ElectionSimulator\Results.cpp(406,39): warning C4305: 'argument': truncation from 'double' to 'float'
C:\Users\alper\source\repos\ElectionSimulator\Results.cpp(411,36): warning C4305: 'argument': truncation from 'double' to 'float'
C:\Users\alper\source\repos\ElectionSimulator\Results.cpp(412,35): warning C4305: 'argument': truncation from 'double' to 'float'
C:\Users\alper\source\repos\ElectionSimulator\Results.cpp(413,36): warning C4305: 'argument': truncation from 'double' to 'float'
C:\Users\alper\source\repos\ElectionSimulator\Results.cpp(414,36): warning C4305: 'argument': truncation from 'double' to 'float'
C:\Users\alper\source\repos\ElectionSimulator\Results.cpp(415,34): warning C4305: 'argument': truncation from 'double' to 'float'
C:\Users\alper\source\repos\ElectionSimulator\Results.cpp(416,35): warning C4305: 'argument': truncation from 'double' to 'float'
C:\Users\alper\source\repos\ElectionSimulator\Results.cpp(417,39): warning C4305: 'argument': truncation from 'double' to 'float'
C:\Users\alper\source\repos\ElectionSimulator\Results.cpp(422,36): warning C4305: 'argument': truncation from 'double' to 'float'
C:\Users\alper\source\repos\ElectionSimulator\Results.cpp(423,36): warning C4305: 'argument': truncation from 'double' to 'float'
C:\Users\alper\source\repos\ElectionSimulator\Results.cpp(424,36): warning C4305: 'argument': truncation from 'double' to 'float'
C:\Users\alper\source\repos\ElectionSimulator\Results.cpp(425,36): warning C4305: 'argument': truncation from 'double' to 'float'
C:\Users\alper\source\repos\ElectionSimulator\Results.cpp(426,33): warning C4305: 'argument': truncation from 'double' to 'float'
C:\Users\alper\source\repos\ElectionSimulator\Results.cpp(427,36): warning C4305: 'argument': truncation from 'double' to 'float'
C:\Users\alper\source\repos\ElectionSimulator\Results.cpp(428,39): warning C4305: 'argument': truncation from 'double' to 'float'
C:\Users\alper\source\repos\ElectionSimulator\Results.cpp(433,36): warning C4305: 'argument': truncation from 'double' to 'float'
C:\Users\alper\source\repos\ElectionSimulator\Results.cpp(434,35): warning C4305: 'argument': truncation from 'double' to 'float'
C:\Users\alper\source\repos\ElectionSimulator\Results.cpp(435,36): warning C4305: 'argument': truncation from 'double' to 'float'
C:\Users\alper\source\repos\ElectionSimulator\Results.cpp(436,37): warning C4305: 'argument': truncation from 'double' to 'float'
C:\Users\alper\source\repos\ElectionSimulator\Results.cpp(437,34): warning C4305: 'argument': truncation from 'double' to 'float'
C:\Users\alper\source\repos\ElectionSimulator\Results.cpp(438,35): warning C4305: 'argument': truncation from 'double' to 'float'
C:\Users\alper\source\repos\ElectionSimulator\Results.cpp(439,39): warning C4305: 'argument': truncation from 'double' to 'float'
C:\Users\alper\source\repos\ElectionSimulator\Results.cpp(444,36): warning C4305: 'argument': truncation from 'double' to 'float'
C:\Users\alper\source\repos\ElectionSimulator\Results.cpp(445,36): warning C4305: 'argument': truncation from 'double' to 'float'
C:\Users\alper\source\repos\ElectionSimulator\Results.cpp(446,35): warning C4305: 'argument': truncation from 'double' to 'float'
C:\Users\alper\source\repos\ElectionSimulator\Results.cpp(447,37): warning C4305: 'argument': truncation from 'double' to 'float'
C:\Users\alper\source\repos\ElectionSimulator\Results.cpp(448,34): warning C4305: 'argument': truncation from 'double' to 'float'
C:\Users\alper\source\repos\ElectionSimulator\Results.cpp(449,35): warning C4305: 'argument': truncation from 'double' to 'float'
C:\Users\alper\source\repos\ElectionSimulator\Results.cpp(450,39): warning C4305: 'argument': truncation from 'double' to 'float'
C:\Users\alper\source\repos\ElectionSimulator\Results.cpp(455,36): warning C4305: 'argument': truncation from 'double' to 'float'
C:\Users\alper\source\repos\ElectionSimulator\Results.cpp(456,34): warning C4305: 'argument': truncation from 'double' to 'float'
C:\Users\alper\source\repos\ElectionSimulator\Results.cpp(457,35): warning C4305: 'argument': truncation from 'double' to 'float'
C:\Users\alper\source\repos\ElectionSimulator\Results.cpp(458,36): warning C4305: 'argument': truncation from 'double' to 'float'
C:\Users\alper\source\repos\ElectionSimulator\Results.cpp(459,34): warning C4305: 'argument': truncation from 'double' to 'float'
C:\Users\alper\source\repos\ElectionSimulator\Results.cpp(460,36): warning C4305: 'argument': truncation from 'double' to 'float'
C:\Users\alper\source\repos\ElectionSimulator\Results.cpp(461,39): warning C4305: 'argument': truncation from 'double' to 'float'
C:\Users\alper\source\repos\ElectionSimulator\Results.cpp(466,35): warning C4305: 'argument': truncation from 'double' to 'float'
C:\Users\alper\source\repos\ElectionSimulator\Results.cpp(467,36): warning C4305: 'argument': truncation from 'double' to 'float'
C:\Users\alper\source\repos\ElectionSimulator\Results.cpp(468,36): warning C4305: 'argument': truncation from 'double' to 'float'
C:\Users\alper\source\repos\ElectionSimulator\Results.cpp(469,36): warning C4305: 'argument': truncation from 'double' to 'float'
C:\Users\alper\source\repos\ElectionSimulator\Results.cpp(470,34): warning C4305: 'argument': truncation from 'double' to 'float'
C:\Users\alper\source\repos\ElectionSimulator\Results.cpp(471,36): warning C4305: 'argument': truncation from 'double' to 'float'
C:\Users\alper\source\repos\ElectionSimulator\Results.cpp(472,39): warning C4305: 'argument': truncation from 'double' to 'float'
C:\Users\alper\source\repos\ElectionSimulator\Results.cpp(477,36): warning C4305: 'argument': truncation from 'double' to 'float'
C:\Users\alper\source\repos\ElectionSimulator\Results.cpp(478,35): warning C4305: 'argument': truncation from 'double' to 'float'
C:\Users\alper\source\repos\ElectionSimulator\Results.cpp(479,35): warning C4305: 'argument': truncation from 'double' to 'float'
C:\Users\alper\source\repos\ElectionSimulator\Results.cpp(480,36): warning C4305: 'argument': truncation from 'double' to 'float'
C:\Users\alper\source\repos\ElectionSimulator\Results.cpp(482,36): warning C4305: 'argument': truncation from 'double' to 'float'
C:\Users\alper\source\repos\ElectionSimulator\Results.cpp(483,39): warning C4305: 'argument': truncation from 'double' to 'float'
C:\Users\alper\source\repos\ElectionSimulator\Results.cpp(488,36): warning C4305: 'argument': truncation from 'double' to 'float'
C:\Users\alper\source\repos\ElectionSimulator\Results.cpp(489,36): warning C4305: 'argument': truncation from 'double' to 'float'
C:\Users\alper\source\repos\ElectionSimulator\Results.cpp(490,36): warning C4305: 'argument': truncation from 'double' to 'float'
C:\Users\alper\source\repos\ElectionSimulator\Results.cpp(491,37): warning C4305: 'argument': truncation from 'double' to 'float'
C:\Users\alper\source\repos\ElectionSimulator\Results.cpp(493,35): warning C4305: 'argument': truncation from 'double' to 'float'
C:\Users\alper\source\repos\ElectionSimulator\Results.cpp(494,39): warning C4305: 'argument': truncation from 'double' to 'float'
C:\Users\alper\source\repos\ElectionSimulator\Results.cpp(499,36): warning C4305: 'argument': truncation from 'double' to 'float'
C:\Users\alper\source\repos\ElectionSimulator\Results.cpp(500,35): warning C4305: 'argument': truncation from 'double' to 'float'
C:\Users\alper\source\repos\ElectionSimulator\Results.cpp(501,36): warning C4305: 'argument': truncation from 'double' to 'float'
C:\Users\alper\source\repos\ElectionSimulator\Results.cpp(502,36): warning C4305: 'argument': truncation from 'double' to 'float'
C:\Users\alper\source\repos\ElectionSimulator\Results.cpp(503,34): warning C4305: 'argument': truncation from 'double' to 'float'
C:\Users\alper\source\repos\ElectionSimulator\Results.cpp(504,36): warning C4305: 'argument': truncation from 'double' to 'float'
C:\Users\alper\source\repos\ElectionSimulator\Results.cpp(505,39): warning C4305: 'argument': truncation from 'double' to 'float'
C:\Users\alper\source\repos\ElectionSimulator\Results.cpp(510,36): warning C4305: 'argument': truncation from 'double' to 'float'
C:\Users\alper\source\repos\ElectionSimulator\Results.cpp(511,35): warning C4305: 'argument': truncation from 'double' to 'float'
C:\Users\alper\source\repos\ElectionSimulator\Results.cpp(512,36): warning C4305: 'argument': truncation from 'double' to 'float'
C:\Users\alper\source\repos\ElectionSimulator\Results.cpp(513,36): warning C4305: 'argument': truncation from 'double' to 'float'
C:\Users\alper\source\repos\ElectionSimulator\Results.cpp(514,34): warning C4305: 'argument': truncation from 'double' to 'float'
C:\Users\alper\source\repos\ElectionSimulator\Results.cpp(515,36): warning C4305: 'argument': truncation from 'double' to 'float'
C:\Users\alper\source\repos\ElectionSimulator\Results.cpp(516,39): warning C4305: 'argument': truncation from 'double' to 'float'
C:\Users\alper\source\repos\ElectionSimulator\Results.cpp(521,35): warning C4305: 'argument': truncation from 'double' to 'float'
C:\Users\alper\source\repos\ElectionSimulator\Results.cpp(522,35): warning C4305: 'argument': truncation from 'double' to 'float'
C:\Users\alper\source\repos\ElectionSimulator\Results.cpp(523,36): warning C4305: 'argument': truncation from 'double' to 'float'
C:\Users\alper\source\repos\ElectionSimulator\Results.cpp(524,36): warning C4305: 'argument': truncation from 'double' to 'float'
C:\Users\alper\source\repos\ElectionSimulator\Results.cpp(525,34): warning C4305: 'argument': truncation from 'double' to 'float'
C:\Users\alper\source\repos\ElectionSimulator\Results.cpp(526,35): warning C4305: 'argument': truncation from 'double' to 'float'
C:\Users\alper\source\repos\ElectionSimulator\Results.cpp(527,39): warning C4305: 'argument': truncation from 'double' to 'float'
C:\Users\alper\source\repos\ElectionSimulator\Results.cpp(533,35): warning C4305: 'argument': truncation from 'double' to 'float'
C:\Users\alper\source\repos\ElectionSimulator\Results.cpp(534,36): warning C4305: 'argument': truncation from 'double' to 'float'
C:\Users\alper\source\repos\ElectionSimulator\Results.cpp(535,37): warning C4305: 'argument': truncation from 'double' to 'float'
C:\Users\alper\source\repos\ElectionSimulator\Results.cpp(536,34): warning C4305: 'argument': truncation from 'double' to 'float'
C:\Users\alper\source\repos\ElectionSimulator\Results.cpp(537,36): warning C4305: 'argument': truncation from 'double' to 'float'
C:\Users\alper\source\repos\ElectionSimulator\Results.cpp(538,39): warning C4305: 'argument': truncation from 'double' to 'float'
C:\Users\alper\source\repos\ElectionSimulator\Results.cpp(543,36): warning C4305: 'argument': truncation from 'double' to 'float'
C:\Users\alper\source\repos\ElectionSimulator\Results.cpp(544,35): warning C4305: 'argument': truncation from 'double' to 'float'
C:\Users\alper\source\repos\ElectionSimulator\Results.cpp(545,36): warning C4305: 'argument': truncation from 'double' to 'float'
C:\Users\alper\source\repos\ElectionSimulator\Results.cpp(547,34): warning C4305: 'argument': truncation from 'double' to 'float'
C:\Users\alper\source\repos\ElectionSimulator\Results.cpp(548,36): warning C4305: 'argument': truncation from 'double' to 'float'
C:\Users\alper\source\repos\ElectionSimulator\Results.cpp(549,39): warning C4305: 'argument': truncation from 'double' to 'float'
C:\Users\alper\source\repos\ElectionSimulator\Results.cpp(554,36): warning C4305: 'argument': truncation from 'double' to 'float'
C:\Users\alper\source\repos\ElectionSimulator\Results.cpp(555,36): warning C4305: 'argument': truncation from 'double' to 'float'
C:\Users\alper\source\repos\ElectionSimulator\Results.cpp(556,35): warning C4305: 'argument': truncation from 'double' to 'float'
C:\Users\alper\source\repos\ElectionSimulator\Results.cpp(557,36): warning C4305: 'argument': truncation from 'double' to 'float'
C:\Users\alper\source\repos\ElectionSimulator\Results.cpp(559,35): warning C4305: 'argument': truncation from 'double' to 'float'
C:\Users\alper\source\repos\ElectionSimulator\Results.cpp(560,39): warning C4305: 'argument': truncation from 'double' to 'float'
C:\Users\alper\source\repos\ElectionSimulator\Results.cpp(565,36): warning C4305: 'argument': truncation from 'double' to 'float'
C:\Users\alper\source\repos\ElectionSimulator\Results.cpp(566,36): warning C4305: 'argument': truncation from 'double' to 'float'
C:\Users\alper\source\repos\ElectionSimulator\Results.cpp(567,36): warning C4305: 'argument': truncation from 'double' to 'float'
C:\Users\alper\source\repos\ElectionSimulator\Results.cpp(568,37): warning C4305: 'argument': truncation from 'double' to 'float'
C:\Users\alper\source\repos\ElectionSimulator\Results.cpp(569,34): warning C4305: 'argument': truncation from 'double' to 'float'
C:\Users\alper\source\repos\ElectionSimulator\Results.cpp(570,35): warning C4305: 'argument': truncation from 'double' to 'float'
C:\Users\alper\source\repos\ElectionSimulator\Results.cpp(571,39): warning C4305: 'argument': truncation from 'double' to 'float'
C:\Users\alper\source\repos\ElectionSimulator\Results.cpp(576,36): warning C4305: 'argument': truncation from 'double' to 'float'
C:\Users\alper\source\repos\ElectionSimulator\Results.cpp(577,36): warning C4305: 'argument': truncation from 'double' to 'float'
C:\Users\alper\source\repos\ElectionSimulator\Results.cpp(578,36): warning C4305: 'argument': truncation from 'double' to 'float'
C:\Users\alper\source\repos\ElectionSimulator\Results.cpp(579,37): warning C4305: 'argument': truncation from 'double' to 'float'
C:\Users\alper\source\repos\ElectionSimulator\Results.cpp(580,34): warning C4305: 'argument': truncation from 'double' to 'float'
C:\Users\alper\source\repos\ElectionSimulator\Results.cpp(581,35): warning C4305: 'argument': truncation from 'double' to 'float'
C:\Users\alper\source\repos\ElectionSimulator\Results.cpp(582,39): warning C4305: 'argument': truncation from 'double' to 'float'
C:\Users\alper\source\repos\ElectionSimulator\Results.cpp(587,36): warning C4305: 'argument': truncation from 'double' to 'float'
C:\Users\alper\source\repos\ElectionSimulator\Results.cpp(588,35): warning C4305: 'argument': truncation from 'double' to 'float'
C:\Users\alper\source\repos\ElectionSimulator\Results.cpp(589,36): warning C4305: 'argument': truncation from 'double' to 'float'
C:\Users\alper\source\repos\ElectionSimulator\Results.cpp(590,36): warning C4305: 'argument': truncation from 'double' to 'float'
C:\Users\alper\source\repos\ElectionSimulator\Results.cpp(591,34): warning C4305: 'argument': truncation from 'double' to 'float'
C:\Users\alper\source\repos\ElectionSimulator\Results.cpp(592,35): warning C4305: 'argument': truncation from 'double' to 'float'
C:\Users\alper\source\repos\ElectionSimulator\Results.cpp(593,39): warning C4305: 'argument': truncation from 'double' to 'float'
C:\Users\alper\source\repos\ElectionSimulator\Results.cpp(598,36): warning C4305: 'argument': truncation from 'double' to 'float'
C:\Users\alper\source\repos\ElectionSimulator\Results.cpp(599,36): warning C4305: 'argument': truncation from 'double' to 'float'
C:\Users\alper\source\repos\ElectionSimulator\Results.cpp(600,36): warning C4305: 'argument': truncation from 'double' to 'float'
C:\Users\alper\source\repos\ElectionSimulator\Results.cpp(601,36): warning C4305: 'argument': truncation from 'double' to 'float'
C:\Users\alper\source\repos\ElectionSimulator\Results.cpp(602,34): warning C4305: 'argument': truncation from 'double' to 'float'
C:\Users\alper\source\repos\ElectionSimulator\Results.cpp(603,35): warning C4305: 'argument': truncation from 'double' to 'float'
C:\Users\alper\source\repos\ElectionSimulator\Results.cpp(604,38): warning C4305: 'argument': truncation from 'double' to 'float'
C:\Users\alper\source\repos\ElectionSimulator\Results.cpp(609,36): warning C4305: 'argument': truncation from 'double' to 'float'
C:\Users\alper\source\repos\ElectionSimulator\Results.cpp(610,36): warning C4305: 'argument': truncation from 'double' to 'float'
C:\Users\alper\source\repos\ElectionSimulator\Results.cpp(611,36): warning C4305: 'argument': truncation from 'double' to 'float'
C:\Users\alper\source\repos\ElectionSimulator\Results.cpp(612,37): warning C4305: 'argument': truncation from 'double' to 'float'
C:\Users\alper\source\repos\ElectionSimulator\Results.cpp(613,34): warning C4305: 'argument': truncation from 'double' to 'float'
C:\Users\alper\source\repos\ElectionSimulator\Results.cpp(614,35): warning C4305: 'argument': truncation from 'double' to 'float'
C:\Users\alper\source\repos\ElectionSimulator\Results.cpp(615,39): warning C4305: 'argument': truncation from 'double' to 'float'
C:\Users\alper\source\repos\ElectionSimulator\Results.cpp(620,36): warning C4305: 'argument': truncation from 'double' to 'float'
C:\Users\alper\source\repos\ElectionSimulator\Results.cpp(621,36): warning C4305: 'argument': truncation from 'double' to 'float'
C:\Users\alper\source\repos\ElectionSimulator\Results.cpp(622,36): warning C4305: 'argument': truncation from 'double' to 'float'
C:\Users\alper\source\repos\ElectionSimulator\Results.cpp(623,37): warning C4305: 'argument': truncation from 'double' to 'float'
C:\Users\alper\source\repos\ElectionSimulator\Results.cpp(624,33): warning C4305: 'argument': truncation from 'double' to 'float'
C:\Users\alper\source\repos\ElectionSimulator\Results.cpp(625,35): warning C4305: 'argument': truncation from 'double' to 'float'
C:\Users\alper\source\repos\ElectionSimulator\Results.cpp(626,39): warning C4305: 'argument': truncation from 'double' to 'float'
C:\Users\alper\source\repos\ElectionSimulator\Results.cpp(631,36): warning C4305: 'argument': truncation from 'double' to 'float'
C:\Users\alper\source\repos\ElectionSimulator\Results.cpp(632,35): warning C4305: 'argument': truncation from 'double' to 'float'
C:\Users\alper\source\repos\ElectionSimulator\Results.cpp(633,36): warning C4305: 'argument': truncation from 'double' to 'float'
C:\Users\alper\source\repos\ElectionSimulator\Results.cpp(634,37): warning C4305: 'argument': truncation from 'double' to 'float'
C:\Users\alper\source\repos\ElectionSimulator\Results.cpp(635,33): warning C4305: 'argument': truncation from 'double' to 'float'
C:\Users\alper\source\repos\ElectionSimulator\Results.cpp(636,35): warning C4305: 'argument': truncation from 'double' to 'float'
C:\Users\alper\source\repos\ElectionSimulator\Results.cpp(637,39): warning C4305: 'argument': truncation from 'double' to 'float'
C:\Users\alper\source\repos\ElectionSimulator\Results.cpp(642,36): warning C4305: 'argument': truncation from 'double' to 'float'
C:\Users\alper\source\repos\ElectionSimulator\Results.cpp(643,36): warning C4305: 'argument': truncation from 'double' to 'float'
C:\Users\alper\source\repos\ElectionSimulator\Results.cpp(644,36): warning C4305: 'argument': truncation from 'double' to 'float'
C:\Users\alper\source\repos\ElectionSimulator\Results.cpp(645,37): warning C4305: 'argument': truncation from 'double' to 'float'
C:\Users\alper\source\repos\ElectionSimulator\Results.cpp(647,34): warning C4305: 'argument': truncation from 'double' to 'float'
C:\Users\alper\source\repos\ElectionSimulator\Results.cpp(648,39): warning C4305: 'argument': truncation from 'double' to 'float'
C:\Users\alper\source\repos\ElectionSimulator\Results.cpp(653,36): warning C4305: 'argument': truncation from 'double' to 'float'
C:\Users\alper\source\repos\ElectionSimulator\Results.cpp(654,36): warning C4305: 'argument': truncation from 'double' to 'float'
C:\Users\alper\source\repos\ElectionSimulator\Results.cpp(655,35): warning C4305: 'argument': truncation from 'double' to 'float'
C:\Users\alper\source\repos\ElectionSimulator\Results.cpp(656,37): warning C4305: 'argument': truncation from 'double' to 'float'
C:\Users\alper\source\repos\ElectionSimulator\Results.cpp(657,34): warning C4305: 'argument': truncation from 'double' to 'float'
C:\Users\alper\source\repos\ElectionSimulator\Results.cpp(658,34): warning C4305: 'argument': truncation from 'double' to 'float'
C:\Users\alper\source\repos\ElectionSimulator\Results.cpp(659,39): warning C4305: 'argument': truncation from 'double' to 'float'
C:\Users\alper\source\repos\ElectionSimulator\Results.cpp(664,36): warning C4305: 'argument': truncation from 'double' to 'float'
C:\Users\alper\source\repos\ElectionSimulator\Results.cpp(665,36): warning C4305: 'argument': truncation from 'double' to 'float'
C:\Users\alper\source\repos\ElectionSimulator\Results.cpp(666,35): warning C4305: 'argument': truncation from 'double' to 'float'
C:\Users\alper\source\repos\ElectionSimulator\Results.cpp(667,37): warning C4305: 'argument': truncation from 'double' to 'float'
C:\Users\alper\source\repos\ElectionSimulator\Results.cpp(668,34): warning C4305: 'argument': truncation from 'double' to 'float'
C:\Users\alper\source\repos\ElectionSimulator\Results.cpp(669,35): warning C4305: 'argument': truncation from 'double' to 'float'
C:\Users\alper\source\repos\ElectionSimulator\Results.cpp(670,39): warning C4305: 'argument': truncation from 'double' to 'float'
C:\Users\alper\source\repos\ElectionSimulator\Results.cpp(675,36): warning C4305: 'argument': truncation from 'double' to 'float'
C:\Users\alper\source\repos\ElectionSimulator\Results.cpp(676,36): warning C4305: 'argument': truncation from 'double' to 'float'
C:\Users\alper\source\repos\ElectionSimulator\Results.cpp(677,35): warning C4305: 'argument': truncation from 'double' to 'float'
C:\Users\alper\source\repos\ElectionSimulator\Results.cpp(678,36): warning C4305: 'argument': truncation from 'double' to 'float'
C:\Users\alper\source\repos\ElectionSimulator\Results.cpp(679,34): warning C4305: 'argument': truncation from 'double' to 'float'
C:\Users\alper\source\repos\ElectionSimulator\Results.cpp(680,35): warning C4305: 'argument': truncation from 'double' to 'float'
C:\Users\alper\source\repos\ElectionSimulator\Results.cpp(681,39): warning C4305: 'argument': truncation from 'double' to 'float'
C:\Users\alper\source\repos\ElectionSimulator\Results.cpp(686,36): warning C4305: 'argument': truncation from 'double' to 'float'
C:\Users\alper\source\repos\ElectionSimulator\Results.cpp(687,36): warning C4305: 'argument': truncation from 'double' to 'float'
C:\Users\alper\source\repos\ElectionSimulator\Results.cpp(688,36): warning C4305: 'argument': truncation from 'double' to 'float'
C:\Users\alper\source\repos\ElectionSimulator\Results.cpp(689,37): warning C4305: 'argument': truncation from 'double' to 'float'
C:\Users\alper\source\repos\ElectionSimulator\Results.cpp(690,34): warning C4305: 'argument': truncation from 'double' to 'float'
C:\Users\alper\source\repos\ElectionSimulator\Results.cpp(691,35): warning C4305: 'argument': truncation from 'double' to 'float'
C:\Users\alper\source\repos\ElectionSimulator\Results.cpp(692,39): warning C4305: 'argument': truncation from 'double' to 'float'
C:\Users\alper\source\repos\ElectionSimulator\Results.cpp(697,36): warning C4305: 'argument': truncation from 'double' to 'float'
C:\Users\alper\source\repos\ElectionSimulator\Results.cpp(698,36): warning C4305: 'argument': truncation from 'double' to 'float'
C:\Users\alper\source\repos\ElectionSimulator\Results.cpp(699,36): warning C4305: 'argument': truncation from 'double' to 'float'
C:\Users\alper\source\repos\ElectionSimulator\Results.cpp(700,36): warning C4305: 'argument': truncation from 'double' to 'float'
C:\Users\alper\source\repos\ElectionSimulator\Results.cpp(701,34): warning C4305: 'argument': truncation from 'double' to 'float'
C:\Users\alper\source\repos\ElectionSimulator\Results.cpp(702,35): warning C4305: 'argument': truncation from 'double' to 'float'
C:\Users\alper\source\repos\ElectionSimulator\Results.cpp(703,39): warning C4305: 'argument': truncation from 'double' to 'float'
C:\Users\alper\source\repos\ElectionSimulator\Results.cpp(708,36): warning C4305: 'argument': truncation from 'double' to 'float'
C:\Users\alper\source\repos\ElectionSimulator\Results.cpp(709,36): warning C4305: 'argument': truncation from 'double' to 'float'
C:\Users\alper\source\repos\ElectionSimulator\Results.cpp(710,36): warning C4305: 'argument': truncation from 'double' to 'float'
C:\Users\alper\source\repos\ElectionSimulator\Results.cpp(711,37): warning C4305: 'argument': truncation from 'double' to 'float'
C:\Users\alper\source\repos\ElectionSimulator\Results.cpp(712,34): warning C4305: 'argument': truncation from 'double' to 'float'
C:\Users\alper\source\repos\ElectionSimulator\Results.cpp(714,39): warning C4305: 'argument': truncation from 'double' to 'float'
C:\Users\alper\source\repos\ElectionSimulator\Results.cpp(719,36): warning C4305: 'argument': truncation from 'double' to 'float'
C:\Users\alper\source\repos\ElectionSimulator\Results.cpp(720,35): warning C4305: 'argument': truncation from 'double' to 'float'
C:\Users\alper\source\repos\ElectionSimulator\Results.cpp(721,35): warning C4305: 'argument': truncation from 'double' to 'float'
C:\Users\alper\source\repos\ElectionSimulator\Results.cpp(722,36): warning C4305: 'argument': truncation from 'double' to 'float'
C:\Users\alper\source\repos\ElectionSimulator\Results.cpp(723,34): warning C4305: 'argument': truncation from 'double' to 'float'
C:\Users\alper\source\repos\ElectionSimulator\Results.cpp(724,36): warning C4305: 'argument': truncation from 'double' to 'float'
C:\Users\alper\source\repos\ElectionSimulator\Results.cpp(725,39): warning C4305: 'argument': truncation from 'double' to 'float'
C:\Users\alper\source\repos\ElectionSimulator\Results.cpp(730,36): warning C4305: 'argument': truncation from 'double' to 'float'
C:\Users\alper\source\repos\ElectionSimulator\Results.cpp(731,36): warning C4305: 'argument': truncation from 'double' to 'float'
C:\Users\alper\source\repos\ElectionSimulator\Results.cpp(732,36): warning C4305: 'argument': truncation from 'double' to 'float'
C:\Users\alper\source\repos\ElectionSimulator\Results.cpp(733,37): warning C4305: 'argument': truncation from 'double' to 'float'
C:\Users\alper\source\repos\ElectionSimulator\Results.cpp(734,34): warning C4305: 'argument': truncation from 'double' to 'float'
C:\Users\alper\source\repos\ElectionSimulator\Results.cpp(735,36): warning C4305: 'argument': truncation from 'double' to 'float'
C:\Users\alper\source\repos\ElectionSimulator\Results.cpp(736,38): warning C4305: 'argument': truncation from 'double' to 'float'
C:\Users\alper\source\repos\ElectionSimulator\Results.cpp(741,36): warning C4305: 'argument': truncation from 'double' to 'float'
C:\Users\alper\source\repos\ElectionSimulator\Results.cpp(742,35): warning C4305: 'argument': truncation from 'double' to 'float'
C:\Users\alper\source\repos\ElectionSimulator\Results.cpp(743,36): warning C4305: 'argument': truncation from 'double' to 'float'
C:\Users\alper\source\repos\ElectionSimulator\Results.cpp(744,37): warning C4305: 'argument': truncation from 'double' to 'float'
C:\Users\alper\source\repos\ElectionSimulator\Results.cpp(745,34): warning C4305: 'argument': truncation from 'double' to 'float'
C:\Users\alper\source\repos\ElectionSimulator\Results.cpp(746,35): warning C4305: 'argument': truncation from 'double' to 'float'
C:\Users\alper\source\repos\ElectionSimulator\Results.cpp(747,39): warning C4305: 'argument': truncation from 'double' to 'float'
C:\Users\alper\source\repos\ElectionSimulator\Results.cpp(752,35): warning C4305: 'argument': truncation from 'double' to 'float'
C:\Users\alper\source\repos\ElectionSimulator\Results.cpp(753,35): warning C4305: 'argument': truncation from 'double' to 'float'
C:\Users\alper\source\repos\ElectionSimulator\Results.cpp(754,35): warning C4305: 'argument': truncation from 'double' to 'float'
C:\Users\alper\source\repos\ElectionSimulator\Results.cpp(755,36): warning C4305: 'argument': truncation from 'double' to 'float'
C:\Users\alper\source\repos\ElectionSimulator\Results.cpp(756,34): warning C4305: 'argument': truncation from 'double' to 'float'
C:\Users\alper\source\repos\ElectionSimulator\Results.cpp(757,36): warning C4305: 'argument': truncation from 'double' to 'float'
C:\Users\alper\source\repos\ElectionSimulator\Results.cpp(758,39): warning C4305: 'argument': truncation from 'double' to 'float'
C:\Users\alper\source\repos\ElectionSimulator\Results.cpp(763,36): warning C4305: 'argument': truncation from 'double' to 'float'
C:\Users\alper\source\repos\ElectionSimulator\Results.cpp(764,36): warning C4305: 'argument': truncation from 'double' to 'float'
C:\Users\alper\source\repos\ElectionSimulator\Results.cpp(765,36): warning C4305: 'argument': truncation from 'double' to 'float'
C:\Users\alper\source\repos\ElectionSimulator\Results.cpp(767,34): warning C4305: 'argument': truncation from 'double' to 'float'
C:\Users\alper\source\repos\ElectionSimulator\Results.cpp(768,35): warning C4305: 'argument': truncation from 'double' to 'float'
C:\Users\alper\source\repos\ElectionSimulator\Results.cpp(769,39): warning C4305: 'argument': truncation from 'double' to 'float'
C:\Users\alper\source\repos\ElectionSimulator\Results.cpp(774,36): warning C4305: 'argument': truncation from 'double' to 'float'
C:\Users\alper\source\repos\ElectionSimulator\Results.cpp(776,36): warning C4305: 'argument': truncation from 'double' to 'float'
C:\Users\alper\source\repos\ElectionSimulator\Results.cpp(777,37): warning C4305: 'argument': truncation from 'double' to 'float'
C:\Users\alper\source\repos\ElectionSimulator\Results.cpp(778,33): warning C4305: 'argument': truncation from 'double' to 'float'
C:\Users\alper\source\repos\ElectionSimulator\Results.cpp(779,35): warning C4305: 'argument': truncation from 'double' to 'float'
C:\Users\alper\source\repos\ElectionSimulator\Results.cpp(780,39): warning C4305: 'argument': truncation from 'double' to 'float'
C:\Users\alper\source\repos\ElectionSimulator\Results.cpp(785,36): warning C4305: 'argument': truncation from 'double' to 'float'
C:\Users\alper\source\repos\ElectionSimulator\Results.cpp(786,36): warning C4305: 'argument': truncation from 'double' to 'float'
C:\Users\alper\source\repos\ElectionSimulator\Results.cpp(787,36): warning C4305: 'argument': truncation from 'double' to 'float'
C:\Users\alper\source\repos\ElectionSimulator\Results.cpp(788,36): warning C4305: 'argument': truncation from 'double' to 'float'
C:\Users\alper\source\repos\ElectionSimulator\Results.cpp(789,34): warning C4305: 'argument': truncation from 'double' to 'float'
C:\Users\alper\source\repos\ElectionSimulator\Results.cpp(790,34): warning C4305: 'argument': truncation from 'double' to 'float'
C:\Users\alper\source\repos\ElectionSimulator\Results.cpp(791,39): warning C4305: 'argument': truncation from 'double' to 'float'
C:\Users\alper\source\repos\ElectionSimulator\Results.cpp(796,36): warning C4305: 'argument': truncation from 'double' to 'float'
C:\Users\alper\source\repos\ElectionSimulator\Results.cpp(797,36): warning C4305: 'argument': truncation from 'double' to 'float'
C:\Users\alper\source\repos\ElectionSimulator\Results.cpp(798,36): warning C4305: 'argument': truncation from 'double' to 'float'
C:\Users\alper\source\repos\ElectionSimulator\Results.cpp(799,37): warning C4305: 'argument': truncation from 'double' to 'float'
C:\Users\alper\source\repos\ElectionSimulator\Results.cpp(800,34): warning C4305: 'argument': truncation from 'double' to 'float'
C:\Users\alper\source\repos\ElectionSimulator\Results.cpp(801,35): warning C4305: 'argument': truncation from 'double' to 'float'
C:\Users\alper\source\repos\ElectionSimulator\Results.cpp(802,39): warning C4305: 'argument': truncation from 'double' to 'float'
C:\Users\alper\source\repos\ElectionSimulator\Results.cpp(807,36): warning C4305: 'argument': truncation from 'double' to 'float'
C:\Users\alper\source\repos\ElectionSimulator\Results.cpp(808,36): warning C4305: 'argument': truncation from 'double' to 'float'
C:\Users\alper\source\repos\ElectionSimulator\Results.cpp(809,36): warning C4305: 'argument': truncation from 'double' to 'float'
C:\Users\alper\source\repos\ElectionSimulator\Results.cpp(810,36): warning C4305: 'argument': truncation from 'double' to 'float'
C:\Users\alper\source\repos\ElectionSimulator\Results.cpp(811,34): warning C4305: 'argument': truncation from 'double' to 'float'
C:\Users\alper\source\repos\ElectionSimulator\Results.cpp(812,35): warning C4305: 'argument': truncation from 'double' to 'float'
C:\Users\alper\source\repos\ElectionSimulator\Results.cpp(813,39): warning C4305: 'argument': truncation from 'double' to 'float'
C:\Users\alper\source\repos\ElectionSimulator\Results.cpp(818,36): warning C4305: 'argument': truncation from 'double' to 'float'
C:\Users\alper\source\repos\ElectionSimulator\Results.cpp(819,36): warning C4305: 'argument': truncation from 'double' to 'float'
C:\Users\alper\source\repos\ElectionSimulator\Results.cpp(820,36): warning C4305: 'argument': truncation from 'double' to 'float'
C:\Users\alper\source\repos\ElectionSimulator\Results.cpp(821,36): warning C4305: 'argument': truncation from 'double' to 'float'
C:\Users\alper\source\repos\ElectionSimulator\Results.cpp(822,34): warning C4305: 'argument': truncation from 'double' to 'float'
C:\Users\alper\source\repos\ElectionSimulator\Results.cpp(823,34): warning C4305: 'argument': truncation from 'double' to 'float'
C:\Users\alper\source\repos\ElectionSimulator\Results.cpp(824,39): warning C4305: 'argument': truncation from 'double' to 'float'
C:\Users\alper\source\repos\ElectionSimulator\Results.cpp(829,36): warning C4305: 'argument': truncation from 'double' to 'float'
C:\Users\alper\source\repos\ElectionSimulator\Results.cpp(830,36): warning C4305: 'argument': truncation from 'double' to 'float'
C:\Users\alper\source\repos\ElectionSimulator\Results.cpp(831,36): warning C4305: 'argument': truncation from 'double' to 'float'
C:\Users\alper\source\repos\ElectionSimulator\Results.cpp(832,37): warning C4305: 'argument': truncation from 'double' to 'float'
C:\Users\alper\source\repos\ElectionSimulator\Results.cpp(833,34): warning C4305: 'argument': truncation from 'double' to 'float'
C:\Users\alper\source\repos\ElectionSimulator\Results.cpp(834,35): warning C4305: 'argument': truncation from 'double' to 'float'
C:\Users\alper\source\repos\ElectionSimulator\Results.cpp(835,39): warning C4305: 'argument': truncation from 'double' to 'float'
C:\Users\alper\source\repos\ElectionSimulator\Results.cpp(840,36): warning C4305: 'argument': truncation from 'double' to 'float'
C:\Users\alper\source\repos\ElectionSimulator\Results.cpp(841,35): warning C4305: 'argument': truncation from 'double' to 'float'
C:\Users\alper\source\repos\ElectionSimulator\Results.cpp(842,35): warning C4305: 'argument': truncation from 'double' to 'float'
C:\Users\alper\source\repos\ElectionSimulator\Results.cpp(843,36): warning C4305: 'argument': truncation from 'double' to 'float'
C:\Users\alper\source\repos\ElectionSimulator\Results.cpp(844,34): warning C4305: 'argument': truncation from 'double' to 'float'
C:\Users\alper\source\repos\ElectionSimulator\Results.cpp(845,36): warning C4305: 'argument': truncation from 'double' to 'float'
C:\Users\alper\source\repos\ElectionSimulator\Results.cpp(846,39): warning C4305: 'argument': truncation from 'double' to 'float'
C:\Users\alper\source\repos\ElectionSimulator\Results.cpp(851,36): warning C4305: 'argument': truncation from 'double' to 'float'
C:\Users\alper\source\repos\ElectionSimulator\Results.cpp(852,35): warning C4305: 'argument': truncation from 'double' to 'float'
C:\Users\alper\source\repos\ElectionSimulator\Results.cpp(853,36): warning C4305: 'argument': truncation from 'double' to 'float'
C:\Users\alper\source\repos\ElectionSimulator\Results.cpp(854,36): warning C4305: 'argument': truncation from 'double' to 'float'
C:\Users\alper\source\repos\ElectionSimulator\Results.cpp(855,34): warning C4305: 'argument': truncation from 'double' to 'float'
C:\Users\alper\source\repos\ElectionSimulator\Results.cpp(857,39): warning C4305: 'argument': truncation from 'double' to 'float'
C:\Users\alper\source\repos\ElectionSimulator\Results.cpp(862,36): warning C4305: 'argument': truncation from 'double' to 'float'
C:\Users\alper\source\repos\ElectionSimulator\Results.cpp(863,36): warning C4305: 'argument': truncation from 'double' to 'float'
C:\Users\alper\source\repos\ElectionSimulator\Results.cpp(864,36): warning C4305: 'argument': truncation from 'double' to 'float'
C:\Users\alper\source\repos\ElectionSimulator\Results.cpp(865,36): warning C4305: 'argument': truncation from 'double' to 'float'
C:\Users\alper\source\repos\ElectionSimulator\Results.cpp(867,35): warning C4305: 'argument': truncation from 'double' to 'float'
C:\Users\alper\source\repos\ElectionSimulator\Results.cpp(868,39): warning C4305: 'argument': truncation from 'double' to 'float'
C:\Users\alper\source\repos\ElectionSimulator\Results.cpp(873,36): warning C4305: 'argument': truncation from 'double' to 'float'
C:\Users\alper\source\repos\ElectionSimulator\Results.cpp(874,35): warning C4305: 'argument': truncation from 'double' to 'float'
C:\Users\alper\source\repos\ElectionSimulator\Results.cpp(875,35): warning C4305: 'argument': truncation from 'double' to 'float'
C:\Users\alper\source\repos\ElectionSimulator\Results.cpp(876,36): warning C4305: 'argument': truncation from 'double' to 'float'
C:\Users\alper\source\repos\ElectionSimulator\Results.cpp(877,34): warning C4305: 'argument': truncation from 'double' to 'float'
C:\Users\alper\source\repos\ElectionSimulator\Results.cpp(878,36): warning C4305: 'argument': truncation from 'double' to 'float'
C:\Users\alper\source\repos\ElectionSimulator\Results.cpp(879,39): warning C4305: 'argument': truncation from 'double' to 'float'
C:\Users\alper\source\repos\ElectionSimulator\Results.cpp(884,36): warning C4305: 'argument': truncation from 'double' to 'float'
C:\Users\alper\source\repos\ElectionSimulator\Results.cpp(885,35): warning C4305: 'argument': truncation from 'double' to 'float'
C:\Users\alper\source\repos\ElectionSimulator\Results.cpp(886,35): warning C4305: 'argument': truncation from 'double' to 'float'
C:\Users\alper\source\repos\ElectionSimulator\Results.cpp(887,36): warning C4305: 'argument': truncation from 'double' to 'float'
C:\Users\alper\source\repos\ElectionSimulator\Results.cpp(888,34): warning C4305: 'argument': truncation from 'double' to 'float'
C:\Users\alper\source\repos\ElectionSimulator\Results.cpp(889,36): warning C4305: 'argument': truncation from 'double' to 'float'
C:\Users\alper\source\repos\ElectionSimulator\Results.cpp(890,39): warning C4305: 'argument': truncation from 'double' to 'float'
C:\Users\alper\source\repos\ElectionSimulator\Results.cpp(895,36): warning C4305: 'argument': truncation from 'double' to 'float'
C:\Users\alper\source\repos\ElectionSimulator\Results.cpp(896,35): warning C4305: 'argument': truncation from 'double' to 'float'
C:\Users\alper\source\repos\ElectionSimulator\Results.cpp(897,36): warning C4305: 'argument': truncation from 'double' to 'float'
C:\Users\alper\source\repos\ElectionSimulator\Results.cpp(898,37): warning C4305: 'argument': truncation from 'double' to 'float'
C:\Users\alper\source\repos\ElectionSimulator\Results.cpp(899,34): warning C4305: 'argument': truncation from 'double' to 'float'
C:\Users\alper\source\repos\ElectionSimulator\Results.cpp(900,35): warning C4305: 'argument': truncation from 'double' to 'float'
C:\Users\alper\source\repos\ElectionSimulator\Results.cpp(901,39): warning C4305: 'argument': truncation from 'double' to 'float'
C:\Users\alper\source\repos\ElectionSimulator\Results.cpp(906,36): warning C4305: 'argument': truncation from 'double' to 'float'
C:\Users\alper\source\repos\ElectionSimulator\Results.cpp(907,35): warning C4305: 'argument': truncation from 'double' to 'float'
C:\Users\alper\source\repos\ElectionSimulator\Results.cpp(908,36): warning C4305: 'argument': truncation from 'double' to 'float'
C:\Users\alper\source\repos\ElectionSimulator\Results.cpp(909,36): warning C4305: 'argument': truncation from 'double' to 'float'
C:\Users\alper\source\repos\ElectionSimulator\Results.cpp(910,34): warning C4305: 'argument': truncation from 'double' to 'float'
C:\Users\alper\source\repos\ElectionSimulator\Results.cpp(911,35): warning C4305: 'argument': truncation from 'double' to 'float'
C:\Users\alper\source\repos\ElectionSimulator\Results.cpp(912,39): warning C4305: 'argument': truncation from 'double' to 'float'
C:\Users\alper\source\repos\ElectionSimulator\Results.cpp(917,36): warning C4305: 'argument': truncation from 'double' to 'float'
C:\Users\alper\source\repos\ElectionSimulator\Results.cpp(918,36): warning C4305: 'argument': truncation from 'double' to 'float'
C:\Users\alper\source\repos\ElectionSimulator\Results.cpp(919,36): warning C4305: 'argument': truncation from 'double' to 'float'
C:\Users\alper\source\repos\ElectionSimulator\Results.cpp(920,37): warning C4305: 'argument': truncation from 'double' to 'float'
C:\Users\alper\source\repos\ElectionSimulator\Results.cpp(921,34): warning C4305: 'argument': truncation from 'double' to 'float'
C:\Users\alper\source\repos\ElectionSimulator\Results.cpp(922,35): warning C4305: 'argument': truncation from 'double' to 'float'
C:\Users\alper\source\repos\ElectionSimulator\Results.cpp(923,39): warning C4305: 'argument': truncation from 'double' to 'float'
C:\Users\alper\source\repos\ElectionSimulator\Results.cpp(928,35): warning C4305: 'argument': truncation from 'double' to 'float'
C:\Users\alper\source\repos\ElectionSimulator\Results.cpp(929,35): warning C4305: 'argument': truncation from 'double' to 'float'
C:\Users\alper\source\repos\ElectionSimulator\Results.cpp(930,36): warning C4305: 'argument': truncation from 'double' to 'float'
C:\Users\alper\source\repos\ElectionSimulator\Results.cpp(931,36): warning C4305: 'argument': truncation from 'double' to 'float'
C:\Users\alper\source\repos\ElectionSimulator\Results.cpp(932,34): warning C4305: 'argument': truncation from 'double' to 'float'
C:\Users\alper\source\repos\ElectionSimulator\Results.cpp(933,36): warning C4305: 'argument': truncation from 'double' to 'float'
C:\Users\alper\source\repos\ElectionSimulator\Results.cpp(934,39): warning C4305: 'argument': truncation from 'double' to 'float'
C:\Users\alper\source\repos\ElectionSimulator\Results.cpp(939,36): warning C4305: 'argument': truncation from 'double' to 'float'
C:\Users\alper\source\repos\ElectionSimulator\Results.cpp(940,36): warning C4305: 'argument': truncation from 'double' to 'float'
C:\Users\alper\source\repos\ElectionSimulator\Results.cpp(941,36): warning C4305: 'argument': truncation from 'double' to 'float'
C:\Users\alper\source\repos\ElectionSimulator\Results.cpp(942,36): warning C4305: 'argument': truncation from 'double' to 'float'
C:\Users\alper\source\repos\ElectionSimulator\Results.cpp(943,33): warning C4305: 'argument': truncation from 'double' to 'float'
C:\Users\alper\source\repos\ElectionSimulator\Results.cpp(944,35): warning C4305: 'argument': truncation from 'double' to 'float'
C:\Users\alper\source\repos\ElectionSimulator\Results.cpp(950,36): warning C4305: 'argument': truncation from 'double' to 'float'
C:\Users\alper\source\repos\ElectionSimulator\Results.cpp(951,35): warning C4305: 'argument': truncation from 'double' to 'float'
C:\Users\alper\source\repos\ElectionSimulator\Results.cpp(952,35): warning C4305: 'argument': truncation from 'double' to 'float'
C:\Users\alper\source\repos\ElectionSimulator\Results.cpp(953,36): warning C4305: 'argument': truncation from 'double' to 'float'
C:\Users\alper\source\repos\ElectionSimulator\Results.cpp(954,33): warning C4305: 'argument': truncation from 'double' to 'float'
C:\Users\alper\source\repos\ElectionSimulator\Results.cpp(955,36): warning C4305: 'argument': truncation from 'double' to 'float'
C:\Users\alper\source\repos\ElectionSimulator\Results.cpp(956,38): warning C4305: 'argument': truncation from 'double' to 'float'
C:\Users\alper\source\repos\ElectionSimulator\Results.cpp(961,36): warning C4305: 'argument': truncation from 'double' to 'float'
C:\Users\alper\source\repos\ElectionSimulator\Results.cpp(962,35): warning C4305: 'argument': truncation from 'double' to 'float'
C:\Users\alper\source\repos\ElectionSimulator\Results.cpp(963,36): warning C4305: 'argument': truncation from 'double' to 'float'
C:\Users\alper\source\repos\ElectionSimulator\Results.cpp(964,36): warning C4305: 'argument': truncation from 'double' to 'float'
C:\Users\alper\source\repos\ElectionSimulator\Results.cpp(965,33): warning C4305: 'argument': truncation from 'double' to 'float'
C:\Users\alper\source\repos\ElectionSimulator\Results.cpp(966,35): warning C4305: 'argument': truncation from 'double' to 'float'
C:\Users\alper\source\repos\ElectionSimulator\Results.cpp(967,39): warning C4305: 'argument': truncation from 'double' to 'float'
C:\Users\alper\source\repos\ElectionSimulator\Results.cpp(972,36): warning C4305: 'argument': truncation from 'double' to 'float'
C:\Users\alper\source\repos\ElectionSimulator\Results.cpp(973,36): warning C4305: 'argument': truncation from 'double' to 'float'
C:\Users\alper\source\repos\ElectionSimulator\Results.cpp(974,36): warning C4305: 'argument': truncation from 'double' to 'float'
C:\Users\alper\source\repos\ElectionSimulator\Results.cpp(975,35): warning C4305: 'argument': truncation from 'double' to 'float'
C:\Users\alper\source\repos\ElectionSimulator\Results.cpp(976,34): warning C4305: 'argument': truncation from 'double' to 'float'
C:\Users\alper\source\repos\ElectionSimulator\Results.cpp(977,35): warning C4305: 'argument': truncation from 'double' to 'float'
C:\Users\alper\source\repos\ElectionSimulator\Results.cpp(978,39): warning C4305: 'argument': truncation from 'double' to 'float'
C:\Users\alper\source\repos\ElectionSimulator\Results.cpp(983,36): warning C4305: 'argument': truncation from 'double' to 'float'
C:\Users\alper\source\repos\ElectionSimulator\Results.cpp(984,36): warning C4305: 'argument': truncation from 'double' to 'float'
C:\Users\alper\source\repos\ElectionSimulator\Results.cpp(985,36): warning C4305: 'argument': truncation from 'double' to 'float'
C:\Users\alper\source\repos\ElectionSimulator\Results.cpp(986,36): warning C4305: 'argument': truncation from 'double' to 'float'
C:\Users\alper\source\repos\ElectionSimulator\Results.cpp(987,34): warning C4305: 'argument': truncation from 'double' to 'float'
C:\Users\alper\source\repos\ElectionSimulator\Results.cpp(988,34): warning C4305: 'argument': truncation from 'double' to 'float'
C:\Users\alper\source\repos\ElectionSimulator\Results.cpp(989,39): warning C4305: 'argument': truncation from 'double' to 'float'
  Generating Code...
  ElectionSimulator.vcxproj -> C:\Users\alper\source\repos\ElectionSimulator\x64\Debug\ElectionSimulator.exe
